[1] Buoi sang
[2] Buoi trua
[3] Buoi chieu
[4] Buoi toi
[5] Ket thuc
Chon chuc nang: Chao buoi sang
[1] Buoi sang
[2] Buoi trua
[3] Buoi chieu
[4] Buoi toi
[5] Ket thuc
Chon chuc nang: Den gio nghi trua roi, di an thoi
[1] Buoi sang
[2] Buoi trua
[3] Buoi chieu
[4] Buoi toi
[5] Ket thuc
Chon chuc nang: Het gio lam viec, ve nha nao
[1] Buoi sang
[2] Buoi trua
[3] Buoi chieu
[4] Buoi toi
[5] Ket thuc
Chon chuc nang: Chuan bi ngu buoi toi
[1] Buoi sang
[2] Buoi trua
[3] Buoi chieu
[4] Buoi toi
[5] Ket thuc
Chon chuc nang: Chuan bi ngu buoi toi
[1] Buoi sang
[2] Buoi trua
[3] Buoi chieu
[4] Buoi toi
[5] Ket thuc
Chon chuc nang: Het gio lam viec, ve nha nao
[1] Buoi sang
[2] Buoi trua
[3] Buoi chieu
[4] Buoi toi
[5] Ket thuc
Chon chuc nang: Chao buoi sang
[1] Buoi sang
[2] Buoi trua
[3] Buoi chieu
[4] Buoi toi
[5] Ket thuc
Chon chuc nang: Den gio nghi trua roi, di an thoi
[1] Buoi sang
[2] Buoi trua
[3] Buoi chieu
[4] Buoi toi
[5] Ket thuc
Chon chuc nang: Den gio nghi trua roi, di an thoi
[1] Buoi sang
[2] Buoi trua
[3] Buoi chieu
[4] Buoi toi
[5] Ket thuc
Chon chuc nang: Chuc ngu ngon
